-------------------------------------------------------------------------------
Test set: com.mycompany.app.MissingNumberTest
-------------------------------------------------------------------------------
Tests run: 1, Failures: 0, Errors: 1, Skipped: 0, Time elapsed: 0.001 s <<< FAILURE! - in com.mycompany.app.MissingNumberTest
testMissingNumber_MissingMax(com.mycompany.app.MissingNumberTest)  Time elapsed: 0 s  <<< ERROR!
java.lang.ArrayIndexOutOfBoundsException: Index 9 out of bounds for length 9
	at com.mycompany.app.MissingNumberTest.testMissingNumber_MissingMax(MissingNumberTest.java:15)

