-------------------------------------------------------------------------------
Test set: com.mycompany.app.BalancedBracketsTest
-------------------------------------------------------------------------------
Tests run: 7, Failures: 2, Errors: 0, Skipped: 0, Time elapsed: 0 s <<< FAILURE! - in com.mycompany.app.BalancedBracketsTest
testBalancedBrackets_tooManyOpenParens(com.mycompany.app.BalancedBracketsTest)  Time elapsed: 0 s  <<< FAILURE!
java.lang.AssertionError
	at com.mycompany.app.BalancedBracketsTest.testBalancedBrackets_tooManyOpenParens(BalancedBracketsTest.java:27)

testBalancedBrackets_tooManyClosedParens(com.mycompany.app.BalancedBracketsTest)  Time elapsed: 0 s  <<< FAILURE!
java.lang.AssertionError
	at com.mycompany.app.BalancedBracketsTest.testBalancedBrackets_tooManyClosedParens(BalancedBracketsTest.java:32)

