<?xml version="1.0" encoding="UTF-8"?>
<testsuite xmlns:xsi="http://www.w3.org/2001/XMLSchema-instance" xsi:noNamespaceSchemaLocation="https://maven.apache.org/surefire/maven-surefire-plugin/xsd/surefire-test-report.xsd" name="com.mycompany.app.BalancedBracketsTest" time="0.001" tests="7" errors="0" skipped="0" failures="0">
  <properties>
[...]
</properties>
  <testcase name="testBalancedBrackets_startWithClosedParens" classname="com.mycompany.app.BalancedBracketsTest" time="0"/>
  <testcase name="testBalancedBrackets_emptyString" classname="com.mycompany.app.BalancedBracketsTest" time="0"/>
  <testcase name="testBalancedBrackets_tooManyOpenParens" classname="com.mycompany.app.BalancedBracketsTest" time="0"/>
  <testcase name="testBalancedBrackets_tooManyClosedParens" classname="com.mycompany.app.BalancedBracketsTest" time="0"/>
  <testcase name="testBalancedBrackets_mismatchedBrackets" classname="com.mycompany.app.BalancedBracketsTest" time="0"/>
  <testcase name="testBalancedBrackets_balancedComboBrackets" classname="com.mycompany.app.BalancedBracketsTest" time="0"/>
  <testcase name="testBalancedBrackets_balancedParens" classname="com.mycompany.app.BalancedBracketsTest" time="0.001"/>
</testsuite>